<?xml version="1.0" encoding="UTF-8"?>
<testng-results skipped="0" failed="0" ignored="0" total="1" passed="1">
  <reporter-output>
  </reporter-output>
  <suite name="BDD Test Suite" duration-ms="49919" started-at="2023-11-30T09:40:20Z" finished-at="2023-11-30T09:41:10Z">
    <groups>
      <group name="cucumber">
        <method signature="AbstractTestNGCucumberTests.runScenario(cucumber.api.testng.PickleEventWrapper, cucumber.api.testng.CucumberFeatureWrapper)[pri:0, instance:com.crowdar.bdd.cukes.TestNGSecuencialRunner@71318ec4]" name="runScenario" class="cucumber.api.testng.AbstractTestNGCucumberTests"/>
      </group> <!-- cucumber -->
    </groups>
    <test name="Login and Update Profile Test" duration-ms="49919" started-at="2023-11-30T09:40:20Z" finished-at="2023-11-30T09:41:10Z">
      <class name="com.crowdar.bdd.cukes.TestNGSecuencialRunner">
        <test-method status="PASS" signature="setUpClass()[pri:0, instance:com.crowdar.bdd.cukes.TestNGSecuencialRunner@71318ec4]" name="setUpClass" is-config="true" duration-ms="495" started-at="2023-11-30T09:40:20Z" finished-at="2023-11-30T09:40:21Z">
          <reporter-output>
          </reporter-output>
        </test-method> <!-- setUpClass -->
        <test-method status="PASS" signature="runScenario(cucumber.api.testng.PickleEventWrapper, cucumber.api.testng.CucumberFeatureWrapper)[pri:0, instance:com.crowdar.bdd.cukes.TestNGSecuencialRunner@71318ec4]" name="runScenario" duration-ms="49327" started-at="2023-11-30T09:40:21Z" description="Runs Cucumber Scenarios" data-provider="scenarios" finished-at="2023-11-30T09:41:10Z">
          <params>
            <param index="0">
              <value>
                <![CDATA["Login exitoso"]]>
              </value>
            </param>
            <param index="1">
              <value>
                <![CDATA["realizar un login exitoso en Clockify"]]>
              </value>
            </param>
          </params>
          <reporter-output>
          </reporter-output>
        </test-method> <!-- runScenario -->
        <test-method status="PASS" signature="tearDownClass()[pri:0, instance:com.crowdar.bdd.cukes.TestNGSecuencialRunner@71318ec4]" name="tearDownClass" is-config="true" duration-ms="21" started-at="2023-11-30T09:41:10Z" finished-at="2023-11-30T09:41:10Z">
          <reporter-output>
          </reporter-output>
        </test-method> <!-- tearDownClass -->
      </class> <!-- com.crowdar.bdd.cukes.TestNGSecuencialRunner -->
    </test> <!-- Login and Update Profile Test -->
  </suite> <!-- BDD Test Suite -->
</testng-results>
